android-apacheftpdemo-master/app/build/outputs/logs/manifest-merger-debug-report.txt
-- Merging decision tree log ---
manifest
ADDED from src\main\AndroidManifest.xml:2:1-18:12
	package
		ADDED from src\main\AndroidManifest.xml:3:7-33
		INJECTED from src\main\AndroidManifest.xml
		INJECTED from src\main\AndroidManifest.xml
	android:versionName
		ADDED from src\main\AndroidManifest.xml:5:7-32
		INJECTED from src\main\AndroidManifest.xml
		INJECTED from src\main\AndroidManifest.xml
	android:versionCode
		ADDED from src\main\AndroidManifest.xml:4:7-30
		INJECTED from src\main\AndroidManifest.xml
		INJECTED from src\main\AndroidManifest.xml
	xmlns:android
		ADDED from src\main\AndroidManifest.xml:2:11-69
uses-permission#android.permission.INTERNET
ADDED from src\main\AndroidManifest.xml:6:8-86
	android:name
		ADDED from src\main\AndroidManifest.xml:6:25-67
application
ADDED from src\main\AndroidManifest.xml:8:5-17:19
	android:label
		ADDED from src\main\AndroidManifest.xml:8:18-50
	android:icon
		ADDED from src\main\AndroidManifest.xml:8:51-87
activity#eu.jaymz.ftpdemo.FTPDemo
ADDED from src\main\AndroidManifest.xml:9:9-15:20
	android:label
		ADDED from src\main\AndroidManifest.xml:10:19-51
	android:name
		ADDED from src\main\AndroidManifest.xml:9:19-41
intent-filter#android.intent.action.MAIN+android.intent.category.LAUNCHER
ADDED from src\main\AndroidManifest.xml:11:13-14:29
action#android.intent.action.MAIN
ADDED from src\main\AndroidManifest.xml:12:17-69
	android:name
		ADDED from src\main\AndroidManifest.xml:12:25-66
category#android.intent.category.LAUNCHER
ADDED from src\main\AndroidManifest.xml:13:17-77
	android:name
		ADDED from src\main\AndroidManifest.xml:13:27-74
activity#eu.jaymz.ftpdemo.Preferences
ADDED from src\main\AndroidManifest.xml:16:9-58
	android:name
		ADDED from src\main\AndroidManifest.xml:16:19-46